{"E:\\mainstack-test\\src\\config\\config.ts": {"path":"E:\\mainstack-test\\src\\config\\config.ts","statementMap":{"0":{"start":{"line":3,"column":0},"end":{"line":3,"column":16}},"1":{"start":{"line":5,"column":18},"end":{"line":5,"column":45}},"2":{"start":{"line":6,"column":20},"end":{"line":8,"column":8}},"3":{"start":{"line":9,"column":19},"end":{"line":9,"column":47}},"4":{"start":{"line":11,"column":22},"end":{"line":21,"column":1}}},"fnMap":{},"branchMap":{"0":{"loc":{"start":{"line":5,"column":18},"end":{"line":5,"column":45}},"type":"binary-expr","locations":[{"start":{"line":5,"column":18},"end":{"line":5,"column":39}},{"start":{"line":5,"column":43},"end":{"line":5,"column":45}}],"line":5},"1":{"loc":{"start":{"line":6,"column":20},"end":{"line":8,"column":8}},"type":"cond-expr","locations":[{"start":{"line":7,"column":4},"end":{"line":7,"column":35}},{"start":{"line":8,"column":4},"end":{"line":8,"column":8}}],"line":6},"2":{"loc":{"start":{"line":9,"column":19},"end":{"line":9,"column":47}},"type":"binary-expr","locations":[{"start":{"line":9,"column":19},"end":{"line":9,"column":41}},{"start":{"line":9,"column":45},"end":{"line":9,"column":47}}],"line":9}},"s":{"0":4,"1":4,"2":4,"3":4,"4":4},"f":{},"b":{"0":[4,0],"1":[4,0],"2":[4,0]},"_coverageSchema":"1a1c01bbd47fc00a2c39e90264f33305004495a9","hash":"2215a745c35f7944240ba77f87dd541b9055969a"}
,"E:\\mainstack-test\\src\\helpers\\index.ts": {"path":"E:\\mainstack-test\\src\\helpers\\index.ts","statementMap":{"0":{"start":{"line":14,"column":4},"end":{"line":14,"column":19}},"1":{"start":{"line":15,"column":4},"end":{"line":15,"column":21}},"2":{"start":{"line":16,"column":6},"end":{"line":16,"column":65}},"3":{"start":{"line":17,"column":6},"end":{"line":17,"column":25}},"4":{"start":{"line":18,"column":4},"end":{"line":18,"column":52}},"5":{"start":{"line":22,"column":27},"end":{"line":26,"column":1}},"6":{"start":{"line":23,"column":2},"end":{"line":25,"column":5}},"7":{"start":{"line":28,"column":40},"end":{"line":33,"column":1}},"8":{"start":{"line":29,"column":2},"end":{"line":32,"column":52}}},"fnMap":{"0":{"name":"(anonymous_0)","decl":{"start":{"line":13,"column":2},"end":{"line":13,"column":3}},"loc":{"start":{"line":13,"column":58},"end":{"line":19,"column":3}},"line":13},"1":{"name":"(anonymous_1)","decl":{"start":{"line":22,"column":27},"end":{"line":22,"column":28}},"loc":{"start":{"line":22,"column":45},"end":{"line":26,"column":1}},"line":22},"2":{"name":"(anonymous_2)","decl":{"start":{"line":28,"column":40},"end":{"line":28,"column":41}},"loc":{"start":{"line":28,"column":54},"end":{"line":33,"column":1}},"line":28}},"branchMap":{"0":{"loc":{"start":{"line":16,"column":20},"end":{"line":16,"column":64}},"type":"cond-expr","locations":[{"start":{"line":16,"column":48},"end":{"line":16,"column":54}},{"start":{"line":16,"column":57},"end":{"line":16,"column":64}}],"line":16},"1":{"loc":{"start":{"line":16,"column":20},"end":{"line":16,"column":45}},"type":"binary-expr","locations":[{"start":{"line":16,"column":20},"end":{"line":16,"column":31}},{"start":{"line":16,"column":35},"end":{"line":16,"column":45}}],"line":16}},"s":{"0":1,"1":1,"2":1,"3":1,"4":1,"5":4,"6":1,"7":4,"8":0},"f":{"0":1,"1":1,"2":0},"b":{"0":[1,0],"1":[1,1]},"_coverageSchema":"1a1c01bbd47fc00a2c39e90264f33305004495a9","hash":"a38d794762bf9e01d69d8fbdf75706b04b76b120"}
,"E:\\mainstack-test\\src\\library\\Logger.ts": {"path":"E:\\mainstack-test\\src\\library\\Logger.ts","statementMap":{"0":{"start":{"line":4,"column":22},"end":{"line":4,"column":52}},"1":{"start":{"line":4,"column":37},"end":{"line":4,"column":52}},"2":{"start":{"line":5,"column":23},"end":{"line":9,"column":5}},"3":{"start":{"line":6,"column":4},"end":{"line":9,"column":5}},"4":{"start":{"line":10,"column":23},"end":{"line":14,"column":5}},"5":{"start":{"line":11,"column":4},"end":{"line":14,"column":5}},"6":{"start":{"line":15,"column":24},"end":{"line":19,"column":5}},"7":{"start":{"line":16,"column":4},"end":{"line":19,"column":5}}},"fnMap":{"0":{"name":"(anonymous_0)","decl":{"start":{"line":4,"column":22},"end":{"line":4,"column":23}},"loc":{"start":{"line":4,"column":37},"end":{"line":4,"column":52}},"line":4},"1":{"name":"(anonymous_1)","decl":{"start":{"line":5,"column":23},"end":{"line":5,"column":24}},"loc":{"start":{"line":6,"column":4},"end":{"line":9,"column":5}},"line":6},"2":{"name":"(anonymous_2)","decl":{"start":{"line":10,"column":23},"end":{"line":10,"column":24}},"loc":{"start":{"line":11,"column":4},"end":{"line":14,"column":5}},"line":11},"3":{"name":"(anonymous_3)","decl":{"start":{"line":15,"column":24},"end":{"line":15,"column":25}},"loc":{"start":{"line":16,"column":4},"end":{"line":19,"column":5}},"line":16}},"branchMap":{"0":{"loc":{"start":{"line":8,"column":6},"end":{"line":8,"column":62}},"type":"cond-expr","locations":[{"start":{"line":8,"column":33},"end":{"line":8,"column":55}},{"start":{"line":8,"column":58},"end":{"line":8,"column":62}}],"line":8},"1":{"loc":{"start":{"line":13,"column":6},"end":{"line":13,"column":64}},"type":"cond-expr","locations":[{"start":{"line":13,"column":33},"end":{"line":13,"column":57}},{"start":{"line":13,"column":60},"end":{"line":13,"column":64}}],"line":13},"2":{"loc":{"start":{"line":18,"column":6},"end":{"line":18,"column":61}},"type":"cond-expr","locations":[{"start":{"line":18,"column":33},"end":{"line":18,"column":54}},{"start":{"line":18,"column":57},"end":{"line":18,"column":61}}],"line":18}},"s":{"0":7,"1":0,"2":7,"3":2,"4":7,"5":2,"6":7,"7":2},"f":{"0":0,"1":2,"2":2,"3":2},"b":{"0":[1,1],"1":[1,1],"2":[1,1]},"_coverageSchema":"1a1c01bbd47fc00a2c39e90264f33305004495a9","hash":"85a83dfae88f11b7db73a4e0d0436580246d2f30"}
,"E:\\mainstack-test\\src\\models\\Category.ts": {"path":"E:\\mainstack-test\\src\\models\\Category.ts","statementMap":{"0":{"start":{"line":10,"column":31},"end":{"line":19,"column":1}}},"fnMap":{},"branchMap":{},"s":{"0":1},"f":{},"b":{},"_coverageSchema":"1a1c01bbd47fc00a2c39e90264f33305004495a9","hash":"0f45f080135e045313ed5c58c2331a94870283a0"}
,"E:\\mainstack-test\\src\\models\\Product.ts": {"path":"E:\\mainstack-test\\src\\models\\Product.ts","statementMap":{"0":{"start":{"line":12,"column":30},"end":{"line":23,"column":1}}},"fnMap":{},"branchMap":{},"s":{"0":6},"f":{},"b":{},"_coverageSchema":"1a1c01bbd47fc00a2c39e90264f33305004495a9","hash":"e67e3075bef11770b5da43b219923b8885197032"}
,"E:\\mainstack-test\\src\\models\\Review.ts": {"path":"E:\\mainstack-test\\src\\models\\Review.ts","statementMap":{"0":{"start":{"line":11,"column":29},"end":{"line":29,"column":1}}},"fnMap":{},"branchMap":{},"s":{"0":3},"f":{},"b":{},"_coverageSchema":"1a1c01bbd47fc00a2c39e90264f33305004495a9","hash":"94b7a5a5ae69e694b20416cf40a78485397db644"}
,"E:\\mainstack-test\\src\\models\\User.ts": {"path":"E:\\mainstack-test\\src\\models\\User.ts","statementMap":{"0":{"start":{"line":14,"column":27},"end":{"line":30,"column":1}},"1":{"start":{"line":33,"column":0},"end":{"line":45,"column":3}},"2":{"start":{"line":34,"column":15},"end":{"line":34,"column":19}},"3":{"start":{"line":35,"column":2},"end":{"line":35,"column":50}},"4":{"start":{"line":35,"column":36},"end":{"line":35,"column":50}},"5":{"start":{"line":37,"column":2},"end":{"line":44,"column":3}},"6":{"start":{"line":38,"column":17},"end":{"line":38,"column":41}},"7":{"start":{"line":39,"column":27},"end":{"line":39,"column":65}},"8":{"start":{"line":40,"column":4},"end":{"line":40,"column":35}},"9":{"start":{"line":41,"column":4},"end":{"line":41,"column":11}},"10":{"start":{"line":43,"column":4},"end":{"line":43,"column":22}},"11":{"start":{"line":47,"column":0},"end":{"line":52,"column":3}},"12":{"start":{"line":48,"column":2},"end":{"line":50,"column":5}},"13":{"start":{"line":49,"column":4},"end":{"line":49,"column":24}},"14":{"start":{"line":51,"column":2},"end":{"line":51,"column":9}}},"fnMap":{"0":{"name":"(anonymous_0)","decl":{"start":{"line":33,"column":35},"end":{"line":33,"column":36}},"loc":{"start":{"line":33,"column":57},"end":{"line":45,"column":1}},"line":33},"1":{"name":"(anonymous_1)","decl":{"start":{"line":47,"column":36},"end":{"line":47,"column":37}},"loc":{"start":{"line":47,"column":71},"end":{"line":52,"column":1}},"line":47},"2":{"name":"(anonymous_2)","decl":{"start":{"line":48,"column":15},"end":{"line":48,"column":16}},"loc":{"start":{"line":48,"column":29},"end":{"line":50,"column":3}},"line":48}},"branchMap":{"0":{"loc":{"start":{"line":35,"column":2},"end":{"line":35,"column":50}},"type":"if","locations":[{"start":{"line":35,"column":2},"end":{"line":35,"column":50}},{"start":{},"end":{}}],"line":35}},"s":{"0":3,"1":3,"2":0,"3":0,"4":0,"5":0,"6":0,"7":0,"8":0,"9":0,"10":0,"11":3,"12":0,"13":0,"14":0},"f":{"0":0,"1":0,"2":0},"b":{"0":[0,0]},"_coverageSchema":"1a1c01bbd47fc00a2c39e90264f33305004495a9","hash":"9e417c6790fa3ba8dde0f439d2ab7a635dabc815"}
,"E:\\mainstack-test\\src\\modules\\auth\\controllers\\auth.controller.ts": {"path":"E:\\mainstack-test\\src\\modules\\auth\\controllers\\auth.controller.ts","statementMap":{"0":{"start":{"line":11,"column":20},"end":{"line":11,"column":42}},"1":{"start":{"line":12,"column":20},"end":{"line":12,"column":48}},"2":{"start":{"line":16,"column":4},"end":{"line":24,"column":5}},"3":{"start":{"line":17,"column":19},"end":{"line":17,"column":59}},"4":{"start":{"line":18,"column":6},"end":{"line":20,"column":68}},"5":{"start":{"line":22,"column":6},"end":{"line":22,"column":26}},"6":{"start":{"line":23,"column":6},"end":{"line":23,"column":18}},"7":{"start":{"line":28,"column":4},"end":{"line":37,"column":5}},"8":{"start":{"line":29,"column":37},"end":{"line":29,"column":45}},"9":{"start":{"line":30,"column":19},"end":{"line":30,"column":59}},"10":{"start":{"line":31,"column":6},"end":{"line":33,"column":69}},"11":{"start":{"line":35,"column":6},"end":{"line":35,"column":26}},"12":{"start":{"line":36,"column":6},"end":{"line":36,"column":18}},"13":{"start":{"line":41,"column":4},"end":{"line":50,"column":5}},"14":{"start":{"line":42,"column":36},"end":{"line":42,"column":44}},"15":{"start":{"line":43,"column":19},"end":{"line":43,"column":55}},"16":{"start":{"line":44,"column":6},"end":{"line":46,"column":70}},"17":{"start":{"line":48,"column":6},"end":{"line":48,"column":26}},"18":{"start":{"line":49,"column":6},"end":{"line":49,"column":18}}},"fnMap":{"0":{"name":"(anonymous_0)","decl":{"start":{"line":15,"column":2},"end":{"line":15,"column":3}},"loc":{"start":{"line":15,"column":77},"end":{"line":25,"column":3}},"line":15},"1":{"name":"(anonymous_1)","decl":{"start":{"line":27,"column":2},"end":{"line":27,"column":3}},"loc":{"start":{"line":27,"column":78},"end":{"line":38,"column":3}},"line":27},"2":{"name":"(anonymous_2)","decl":{"start":{"line":40,"column":2},"end":{"line":40,"column":3}},"loc":{"start":{"line":40,"column":70},"end":{"line":51,"column":3}},"line":40}},"branchMap":{},"s":{"0":1,"1":1,"2":4,"3":4,"4":4,"5":0,"6":0,"7":1,"8":1,"9":1,"10":1,"11":0,"12":0,"13":1,"14":1,"15":1,"16":1,"17":0,"18":0},"f":{"0":4,"1":1,"2":1},"b":{},"_coverageSchema":"1a1c01bbd47fc00a2c39e90264f33305004495a9","hash":"99422510140b5733316c68a6f8cfd58a1ea158bb"}
,"E:\\mainstack-test\\src\\modules\\auth\\services\\auth.service.ts": {"path":"E:\\mainstack-test\\src\\modules\\auth\\services\\auth.service.ts","statementMap":{"0":{"start":{"line":9,"column":17},"end":{"line":9,"column":59}},"1":{"start":{"line":10,"column":4},"end":{"line":10,"column":16}},"2":{"start":{"line":14,"column":17},"end":{"line":14,"column":60}},"3":{"start":{"line":15,"column":4},"end":{"line":15,"column":16}},"4":{"start":{"line":19,"column":32},"end":{"line":19,"column":39}},"5":{"start":{"line":20,"column":17},"end":{"line":20,"column":61}},"6":{"start":{"line":22,"column":6},"end":{"line":22,"column":61}},"7":{"start":{"line":24,"column":4},"end":{"line":26,"column":5}},"8":{"start":{"line":25,"column":6},"end":{"line":25,"column":59}},"9":{"start":{"line":28,"column":25},"end":{"line":32,"column":6}},"10":{"start":{"line":34,"column":4},"end":{"line":34,"column":28}}},"fnMap":{"0":{"name":"(anonymous_0)","decl":{"start":{"line":7,"column":2},"end":{"line":7,"column":3}},"loc":{"start":{"line":7,"column":49},"end":{"line":7,"column":51}},"line":7},"1":{"name":"(anonymous_1)","decl":{"start":{"line":8,"column":2},"end":{"line":8,"column":3}},"loc":{"start":{"line":8,"column":48},"end":{"line":11,"column":3}},"line":8},"2":{"name":"(anonymous_2)","decl":{"start":{"line":13,"column":2},"end":{"line":13,"column":3}},"loc":{"start":{"line":13,"column":49},"end":{"line":16,"column":3}},"line":13},"3":{"name":"(anonymous_3)","decl":{"start":{"line":18,"column":2},"end":{"line":18,"column":3}},"loc":{"start":{"line":18,"column":42},"end":{"line":35,"column":3}},"line":18}},"branchMap":{"0":{"loc":{"start":{"line":22,"column":6},"end":{"line":22,"column":61}},"type":"binary-expr","locations":[{"start":{"line":22,"column":6},"end":{"line":22,"column":10}},{"start":{"line":22,"column":15},"end":{"line":22,"column":60}}],"line":22},"1":{"loc":{"start":{"line":24,"column":4},"end":{"line":26,"column":5}},"type":"if","locations":[{"start":{"line":24,"column":4},"end":{"line":26,"column":5}},{"start":{},"end":{}}],"line":24}},"s":{"0":2,"1":1,"2":2,"3":1,"4":2,"5":2,"6":2,"7":2,"8":1,"9":1,"10":1},"f":{"0":6,"1":2,"2":2,"3":2},"b":{"0":[2,1],"1":[1,1]},"_coverageSchema":"1a1c01bbd47fc00a2c39e90264f33305004495a9","hash":"447a909e69c98bd3b10b7d5c29da607bd7c98d24"}
,"E:\\mainstack-test\\src\\modules\\categories\\controllers\\categories.controller.ts": {"path":"E:\\mainstack-test\\src\\modules\\categories\\controllers\\categories.controller.ts","statementMap":{"0":{"start":{"line":7,"column":24},"end":{"line":7,"column":53}},"1":{"start":{"line":11,"column":4},"end":{"line":21,"column":5}},"2":{"start":{"line":12,"column":41},"end":{"line":12,"column":49}},"3":{"start":{"line":13,"column":23},"end":{"line":13,"column":68}},"4":{"start":{"line":14,"column":6},"end":{"line":17,"column":9}},"5":{"start":{"line":19,"column":6},"end":{"line":19,"column":26}},"6":{"start":{"line":20,"column":6},"end":{"line":20,"column":18}},"7":{"start":{"line":25,"column":4},"end":{"line":34,"column":5}},"8":{"start":{"line":26,"column":21},"end":{"line":26,"column":31}},"9":{"start":{"line":27,"column":23},"end":{"line":27,"column":64}},"10":{"start":{"line":28,"column":6},"end":{"line":30,"column":76}},"11":{"start":{"line":32,"column":6},"end":{"line":32,"column":26}},"12":{"start":{"line":33,"column":6},"end":{"line":33,"column":18}},"13":{"start":{"line":38,"column":4},"end":{"line":46,"column":5}},"14":{"start":{"line":39,"column":25},"end":{"line":39,"column":62}},"15":{"start":{"line":40,"column":6},"end":{"line":42,"column":80}},"16":{"start":{"line":44,"column":6},"end":{"line":44,"column":26}},"17":{"start":{"line":45,"column":6},"end":{"line":45,"column":18}},"18":{"start":{"line":50,"column":4},"end":{"line":60,"column":5}},"19":{"start":{"line":51,"column":21},"end":{"line":51,"column":31}},"20":{"start":{"line":52,"column":41},"end":{"line":52,"column":49}},"21":{"start":{"line":53,"column":23},"end":{"line":53,"column":72}},"22":{"start":{"line":54,"column":6},"end":{"line":56,"column":76}},"23":{"start":{"line":58,"column":6},"end":{"line":58,"column":26}},"24":{"start":{"line":59,"column":6},"end":{"line":59,"column":18}},"25":{"start":{"line":64,"column":4},"end":{"line":73,"column":5}},"26":{"start":{"line":65,"column":21},"end":{"line":65,"column":31}},"27":{"start":{"line":66,"column":23},"end":{"line":66,"column":63}},"28":{"start":{"line":67,"column":6},"end":{"line":69,"column":76}},"29":{"start":{"line":71,"column":6},"end":{"line":71,"column":26}},"30":{"start":{"line":72,"column":6},"end":{"line":72,"column":18}}},"fnMap":{"0":{"name":"(anonymous_0)","decl":{"start":{"line":10,"column":2},"end":{"line":10,"column":3}},"loc":{"start":{"line":10,"column":79},"end":{"line":22,"column":3}},"line":10},"1":{"name":"(anonymous_1)","decl":{"start":{"line":24,"column":2},"end":{"line":24,"column":3}},"loc":{"start":{"line":24,"column":76},"end":{"line":35,"column":3}},"line":24},"2":{"name":"(anonymous_2)","decl":{"start":{"line":37,"column":2},"end":{"line":37,"column":3}},"loc":{"start":{"line":37,"column":78},"end":{"line":47,"column":3}},"line":37},"3":{"name":"(anonymous_3)","decl":{"start":{"line":49,"column":2},"end":{"line":49,"column":3}},"loc":{"start":{"line":49,"column":79},"end":{"line":61,"column":3}},"line":49},"4":{"name":"(anonymous_4)","decl":{"start":{"line":63,"column":2},"end":{"line":63,"column":3}},"loc":{"start":{"line":63,"column":79},"end":{"line":74,"column":3}},"line":63}},"branchMap":{},"s":{"0":1,"1":1,"2":1,"3":1,"4":1,"5":0,"6":0,"7":1,"8":1,"9":1,"10":1,"11":0,"12":0,"13":1,"14":1,"15":1,"16":0,"17":0,"18":1,"19":1,"20":1,"21":1,"22":1,"23":0,"24":0,"25":1,"26":1,"27":1,"28":1,"29":0,"30":0},"f":{"0":1,"1":1,"2":1,"3":1,"4":1},"b":{},"_coverageSchema":"1a1c01bbd47fc00a2c39e90264f33305004495a9","hash":"3f61d96759f5a0c50e18db5175a652f328769250"}
,"E:\\mainstack-test\\src\\modules\\categories\\services\\categories.service.ts": {"path":"E:\\mainstack-test\\src\\modules\\categories\\services\\categories.service.ts","statementMap":{"0":{"start":{"line":8,"column":23},"end":{"line":8,"column":50}},"1":{"start":{"line":15,"column":21},"end":{"line":18,"column":6}},"2":{"start":{"line":19,"column":4},"end":{"line":19,"column":20}},"3":{"start":{"line":23,"column":23},"end":{"line":23,"column":61}},"4":{"start":{"line":24,"column":4},"end":{"line":24,"column":22}},"5":{"start":{"line":28,"column":21},"end":{"line":30,"column":6}},"6":{"start":{"line":31,"column":4},"end":{"line":31,"column":20}},"7":{"start":{"line":35,"column":21},"end":{"line":35,"column":67}},"8":{"start":{"line":37,"column":4},"end":{"line":42,"column":5}},"9":{"start":{"line":38,"column":6},"end":{"line":41,"column":8}},"10":{"start":{"line":44,"column":21},"end":{"line":44,"column":72}},"11":{"start":{"line":45,"column":4},"end":{"line":45,"column":20}},"12":{"start":{"line":49,"column":21},"end":{"line":49,"column":63}},"13":{"start":{"line":50,"column":4},"end":{"line":50,"column":20}}},"fnMap":{"0":{"name":"(anonymous_0)","decl":{"start":{"line":11,"column":2},"end":{"line":11,"column":3}},"loc":{"start":{"line":13,"column":4},"end":{"line":13,"column":6}},"line":13},"1":{"name":"(anonymous_1)","decl":{"start":{"line":14,"column":2},"end":{"line":14,"column":3}},"loc":{"start":{"line":14,"column":66},"end":{"line":20,"column":3}},"line":14},"2":{"name":"(anonymous_2)","decl":{"start":{"line":22,"column":2},"end":{"line":22,"column":3}},"loc":{"start":{"line":22,"column":24},"end":{"line":25,"column":3}},"line":22},"3":{"name":"(anonymous_3)","decl":{"start":{"line":27,"column":2},"end":{"line":27,"column":3}},"loc":{"start":{"line":27,"column":46},"end":{"line":32,"column":3}},"line":27},"4":{"name":"(anonymous_4)","decl":{"start":{"line":34,"column":2},"end":{"line":34,"column":3}},"loc":{"start":{"line":34,"column":35},"end":{"line":46,"column":3}},"line":34},"5":{"name":"(anonymous_5)","decl":{"start":{"line":48,"column":2},"end":{"line":48,"column":3}},"loc":{"start":{"line":48,"column":36},"end":{"line":51,"column":3}},"line":48}},"branchMap":{"0":{"loc":{"start":{"line":37,"column":4},"end":{"line":42,"column":5}},"type":"if","locations":[{"start":{"line":37,"column":4},"end":{"line":42,"column":5}},{"start":{},"end":{}}],"line":37}},"s":{"0":2,"1":2,"2":2,"3":1,"4":1,"5":1,"6":1,"7":1,"8":1,"9":0,"10":1,"11":1,"12":1,"13":1},"f":{"0":6,"1":2,"2":1,"3":1,"4":1,"5":1},"b":{"0":[0,1]},"_coverageSchema":"1a1c01bbd47fc00a2c39e90264f33305004495a9","hash":"78872b16ab5cb4b66dfe37ca6899238c11066150"}
,"E:\\mainstack-test\\src\\modules\\products\\controllers\\product.controller.ts": {"path":"E:\\mainstack-test\\src\\modules\\products\\controllers\\product.controller.ts","statementMap":{"0":{"start":{"line":7,"column":23},"end":{"line":7,"column":50}},"1":{"start":{"line":11,"column":4},"end":{"line":21,"column":5}},"2":{"start":{"line":12,"column":40},"end":{"line":12,"column":48}},"3":{"start":{"line":13,"column":22},"end":{"line":13,"column":65}},"4":{"start":{"line":14,"column":6},"end":{"line":17,"column":9}},"5":{"start":{"line":19,"column":6},"end":{"line":19,"column":26}},"6":{"start":{"line":20,"column":6},"end":{"line":20,"column":18}},"7":{"start":{"line":25,"column":4},"end":{"line":34,"column":5}},"8":{"start":{"line":26,"column":21},"end":{"line":26,"column":31}},"9":{"start":{"line":27,"column":22},"end":{"line":27,"column":61}},"10":{"start":{"line":28,"column":6},"end":{"line":30,"column":74}},"11":{"start":{"line":32,"column":6},"end":{"line":32,"column":26}},"12":{"start":{"line":33,"column":6},"end":{"line":33,"column":18}},"13":{"start":{"line":38,"column":4},"end":{"line":46,"column":5}},"14":{"start":{"line":39,"column":23},"end":{"line":39,"column":57}},"15":{"start":{"line":40,"column":6},"end":{"line":42,"column":76}},"16":{"start":{"line":44,"column":6},"end":{"line":44,"column":26}},"17":{"start":{"line":45,"column":6},"end":{"line":45,"column":18}},"18":{"start":{"line":50,"column":4},"end":{"line":60,"column":5}},"19":{"start":{"line":51,"column":21},"end":{"line":51,"column":31}},"20":{"start":{"line":52,"column":40},"end":{"line":52,"column":48}},"21":{"start":{"line":53,"column":22},"end":{"line":53,"column":69}},"22":{"start":{"line":54,"column":6},"end":{"line":56,"column":74}},"23":{"start":{"line":58,"column":6},"end":{"line":58,"column":26}},"24":{"start":{"line":59,"column":6},"end":{"line":59,"column":18}},"25":{"start":{"line":64,"column":4},"end":{"line":73,"column":5}},"26":{"start":{"line":65,"column":21},"end":{"line":65,"column":31}},"27":{"start":{"line":66,"column":22},"end":{"line":66,"column":60}},"28":{"start":{"line":67,"column":6},"end":{"line":69,"column":74}},"29":{"start":{"line":71,"column":6},"end":{"line":71,"column":26}},"30":{"start":{"line":72,"column":6},"end":{"line":72,"column":18}}},"fnMap":{"0":{"name":"(anonymous_0)","decl":{"start":{"line":10,"column":2},"end":{"line":10,"column":3}},"loc":{"start":{"line":10,"column":92},"end":{"line":22,"column":3}},"line":10},"1":{"name":"(anonymous_1)","decl":{"start":{"line":24,"column":2},"end":{"line":24,"column":3}},"loc":{"start":{"line":24,"column":75},"end":{"line":35,"column":3}},"line":24},"2":{"name":"(anonymous_2)","decl":{"start":{"line":37,"column":2},"end":{"line":37,"column":3}},"loc":{"start":{"line":37,"column":76},"end":{"line":47,"column":3}},"line":37},"3":{"name":"(anonymous_3)","decl":{"start":{"line":49,"column":2},"end":{"line":49,"column":3}},"loc":{"start":{"line":49,"column":78},"end":{"line":61,"column":3}},"line":49},"4":{"name":"(anonymous_4)","decl":{"start":{"line":63,"column":2},"end":{"line":63,"column":3}},"loc":{"start":{"line":63,"column":78},"end":{"line":74,"column":3}},"line":63}},"branchMap":{},"s":{"0":1,"1":1,"2":1,"3":1,"4":1,"5":0,"6":0,"7":1,"8":1,"9":1,"10":1,"11":0,"12":0,"13":2,"14":2,"15":2,"16":0,"17":0,"18":2,"19":2,"20":2,"21":2,"22":2,"23":0,"24":0,"25":2,"26":2,"27":2,"28":2,"29":0,"30":0},"f":{"0":1,"1":1,"2":2,"3":2,"4":2},"b":{},"_coverageSchema":"1a1c01bbd47fc00a2c39e90264f33305004495a9","hash":"7564e6d7375a84722c8934378e0b20d70418dd00"}
,"E:\\mainstack-test\\src\\modules\\products\\services\\product.service.ts": {"path":"E:\\mainstack-test\\src\\modules\\products\\services\\product.service.ts","statementMap":{"0":{"start":{"line":8,"column":20},"end":{"line":8,"column":64}},"1":{"start":{"line":9,"column":4},"end":{"line":9,"column":19}},"2":{"start":{"line":13,"column":21},"end":{"line":13,"column":58}},"3":{"start":{"line":14,"column":4},"end":{"line":16,"column":7}},"4":{"start":{"line":17,"column":4},"end":{"line":17,"column":20}},"5":{"start":{"line":21,"column":20},"end":{"line":23,"column":6}},"6":{"start":{"line":24,"column":4},"end":{"line":24,"column":19}},"7":{"start":{"line":28,"column":20},"end":{"line":28,"column":70}},"8":{"start":{"line":29,"column":4},"end":{"line":29,"column":19}},"9":{"start":{"line":33,"column":20},"end":{"line":33,"column":61}},"10":{"start":{"line":34,"column":4},"end":{"line":34,"column":19}},"11":{"start":{"line":38,"column":21},"end":{"line":38,"column":68}},"12":{"start":{"line":39,"column":4},"end":{"line":39,"column":20}}},"fnMap":{"0":{"name":"(anonymous_0)","decl":{"start":{"line":6,"column":2},"end":{"line":6,"column":3}},"loc":{"start":{"line":6,"column":63},"end":{"line":6,"column":65}},"line":6},"1":{"name":"(anonymous_1)","decl":{"start":{"line":7,"column":2},"end":{"line":7,"column":3}},"loc":{"start":{"line":7,"column":50},"end":{"line":10,"column":3}},"line":7},"2":{"name":"(anonymous_2)","decl":{"start":{"line":12,"column":2},"end":{"line":12,"column":3}},"loc":{"start":{"line":12,"column":22},"end":{"line":18,"column":3}},"line":12},"3":{"name":"(anonymous_3)","decl":{"start":{"line":20,"column":2},"end":{"line":20,"column":3}},"loc":{"start":{"line":20,"column":59},"end":{"line":25,"column":3}},"line":20},"4":{"name":"(anonymous_4)","decl":{"start":{"line":27,"column":2},"end":{"line":27,"column":3}},"loc":{"start":{"line":27,"column":34},"end":{"line":30,"column":3}},"line":27},"5":{"name":"(anonymous_5)","decl":{"start":{"line":32,"column":2},"end":{"line":32,"column":3}},"loc":{"start":{"line":32,"column":35},"end":{"line":35,"column":3}},"line":32},"6":{"name":"(anonymous_6)","decl":{"start":{"line":37,"column":2},"end":{"line":37,"column":3}},"loc":{"start":{"line":37,"column":48},"end":{"line":40,"column":3}},"line":37}},"branchMap":{},"s":{"0":1,"1":1,"2":1,"3":1,"4":1,"5":2,"6":1,"7":1,"8":1,"9":1,"10":1,"11":1,"12":1},"f":{"0":8,"1":1,"2":1,"3":2,"4":1,"5":1,"6":1},"b":{},"_coverageSchema":"1a1c01bbd47fc00a2c39e90264f33305004495a9","hash":"b10bbade5c1ad2e3d24e953b6574870715148827"}
,"E:\\mainstack-test\\src\\modules\\reviews\\controllers\\review.controller.ts": {"path":"E:\\mainstack-test\\src\\modules\\reviews\\controllers\\review.controller.ts","statementMap":{"0":{"start":{"line":7,"column":22},"end":{"line":7,"column":47}},"1":{"start":{"line":11,"column":4},"end":{"line":26,"column":5}},"2":{"start":{"line":12,"column":19},"end":{"line":12,"column":27}},"3":{"start":{"line":13,"column":21},"end":{"line":13,"column":38}},"4":{"start":{"line":14,"column":41},"end":{"line":17,"column":9}},"5":{"start":{"line":18,"column":21},"end":{"line":18,"column":62}},"6":{"start":{"line":19,"column":6},"end":{"line":22,"column":9}},"7":{"start":{"line":24,"column":6},"end":{"line":24,"column":26}},"8":{"start":{"line":25,"column":6},"end":{"line":25,"column":18}},"9":{"start":{"line":30,"column":4},"end":{"line":39,"column":5}},"10":{"start":{"line":31,"column":21},"end":{"line":31,"column":31}},"11":{"start":{"line":32,"column":21},"end":{"line":32,"column":58}},"12":{"start":{"line":33,"column":6},"end":{"line":35,"column":72}},"13":{"start":{"line":37,"column":6},"end":{"line":37,"column":26}},"14":{"start":{"line":38,"column":6},"end":{"line":38,"column":18}},"15":{"start":{"line":47,"column":4},"end":{"line":57,"column":5}},"16":{"start":{"line":48,"column":28},"end":{"line":48,"column":38}},"17":{"start":{"line":49,"column":22},"end":{"line":49,"column":70}},"18":{"start":{"line":50,"column":6},"end":{"line":53,"column":9}},"19":{"start":{"line":55,"column":6},"end":{"line":55,"column":26}},"20":{"start":{"line":56,"column":6},"end":{"line":56,"column":18}},"21":{"start":{"line":61,"column":4},"end":{"line":70,"column":5}},"22":{"start":{"line":62,"column":21},"end":{"line":62,"column":31}},"23":{"start":{"line":63,"column":21},"end":{"line":63,"column":64}},"24":{"start":{"line":64,"column":6},"end":{"line":66,"column":72}},"25":{"start":{"line":68,"column":6},"end":{"line":68,"column":26}},"26":{"start":{"line":69,"column":6},"end":{"line":69,"column":18}}},"fnMap":{"0":{"name":"(anonymous_0)","decl":{"start":{"line":10,"column":2},"end":{"line":10,"column":3}},"loc":{"start":{"line":10,"column":77},"end":{"line":27,"column":3}},"line":10},"1":{"name":"(anonymous_1)","decl":{"start":{"line":29,"column":2},"end":{"line":29,"column":3}},"loc":{"start":{"line":29,"column":78},"end":{"line":40,"column":3}},"line":29},"2":{"name":"(anonymous_2)","decl":{"start":{"line":42,"column":2},"end":{"line":42,"column":3}},"loc":{"start":{"line":46,"column":4},"end":{"line":58,"column":3}},"line":46},"3":{"name":"(anonymous_3)","decl":{"start":{"line":60,"column":2},"end":{"line":60,"column":3}},"loc":{"start":{"line":60,"column":77},"end":{"line":71,"column":3}},"line":60}},"branchMap":{},"s":{"0":1,"1":1,"2":1,"3":1,"4":1,"5":1,"6":1,"7":0,"8":0,"9":1,"10":1,"11":1,"12":1,"13":0,"14":0,"15":1,"16":1,"17":1,"18":1,"19":0,"20":0,"21":1,"22":1,"23":1,"24":1,"25":0,"26":0},"f":{"0":1,"1":1,"2":1,"3":1},"b":{},"_coverageSchema":"1a1c01bbd47fc00a2c39e90264f33305004495a9","hash":"d646c5d705fbda08255aac994aaf610375acc3ea"}
,"E:\\mainstack-test\\src\\modules\\reviews\\services\\review.service.ts": {"path":"E:\\mainstack-test\\src\\modules\\reviews\\services\\review.service.ts","statementMap":{"0":{"start":{"line":8,"column":19},"end":{"line":8,"column":62}},"1":{"start":{"line":9,"column":4},"end":{"line":9,"column":18}},"2":{"start":{"line":13,"column":20},"end":{"line":15,"column":6}},"3":{"start":{"line":16,"column":4},"end":{"line":19,"column":7}},"4":{"start":{"line":20,"column":4},"end":{"line":20,"column":19}},"5":{"start":{"line":24,"column":19},"end":{"line":24,"column":68}},"6":{"start":{"line":25,"column":4},"end":{"line":25,"column":18}},"7":{"start":{"line":29,"column":19},"end":{"line":29,"column":59}},"8":{"start":{"line":30,"column":4},"end":{"line":30,"column":18}}},"fnMap":{"0":{"name":"(anonymous_0)","decl":{"start":{"line":6,"column":2},"end":{"line":6,"column":3}},"loc":{"start":{"line":6,"column":61},"end":{"line":6,"column":63}},"line":6},"1":{"name":"(anonymous_1)","decl":{"start":{"line":7,"column":2},"end":{"line":7,"column":3}},"loc":{"start":{"line":7,"column":48},"end":{"line":10,"column":3}},"line":7},"2":{"name":"(anonymous_2)","decl":{"start":{"line":12,"column":2},"end":{"line":12,"column":3}},"loc":{"start":{"line":12,"column":38},"end":{"line":21,"column":3}},"line":12},"3":{"name":"(anonymous_3)","decl":{"start":{"line":23,"column":2},"end":{"line":23,"column":3}},"loc":{"start":{"line":23,"column":40},"end":{"line":26,"column":3}},"line":23},"4":{"name":"(anonymous_4)","decl":{"start":{"line":28,"column":2},"end":{"line":28,"column":3}},"loc":{"start":{"line":28,"column":34},"end":{"line":31,"column":3}},"line":28}},"branchMap":{},"s":{"0":1,"1":1,"2":1,"3":1,"4":1,"5":1,"6":1,"7":1,"8":1},"f":{"0":4,"1":1,"2":1,"3":1,"4":1},"b":{},"_coverageSchema":"1a1c01bbd47fc00a2c39e90264f33305004495a9","hash":"1a5007f62239b2dd0d98853255c1ebd76bc36380"}
,"E:\\mainstack-test\\src\\modules\\users\\controllers\\users.controller.ts": {"path":"E:\\mainstack-test\\src\\modules\\users\\controllers\\users.controller.ts","statementMap":{"0":{"start":{"line":6,"column":20},"end":{"line":6,"column":42}},"1":{"start":{"line":10,"column":4},"end":{"line":18,"column":5}},"2":{"start":{"line":11,"column":20},"end":{"line":11,"column":51}},"3":{"start":{"line":12,"column":6},"end":{"line":14,"column":70}},"4":{"start":{"line":16,"column":6},"end":{"line":16,"column":26}},"5":{"start":{"line":17,"column":6},"end":{"line":17,"column":17}},"6":{"start":{"line":22,"column":4},"end":{"line":30,"column":5}},"7":{"start":{"line":23,"column":21},"end":{"line":23,"column":50}},"8":{"start":{"line":24,"column":6},"end":{"line":26,"column":72}},"9":{"start":{"line":28,"column":6},"end":{"line":28,"column":26}},"10":{"start":{"line":29,"column":6},"end":{"line":29,"column":17}}},"fnMap":{"0":{"name":"(anonymous_0)","decl":{"start":{"line":9,"column":2},"end":{"line":9,"column":3}},"loc":{"start":{"line":9,"column":73},"end":{"line":19,"column":3}},"line":9},"1":{"name":"(anonymous_1)","decl":{"start":{"line":21,"column":2},"end":{"line":21,"column":3}},"loc":{"start":{"line":21,"column":74},"end":{"line":31,"column":3}},"line":21}},"branchMap":{},"s":{"0":1,"1":3,"2":3,"3":3,"4":0,"5":0,"6":2,"7":2,"8":2,"9":0,"10":0},"f":{"0":3,"1":2},"b":{},"_coverageSchema":"1a1c01bbd47fc00a2c39e90264f33305004495a9","hash":"9397a69427e797658da99b05766b5371e66d1aec"}
,"E:\\mainstack-test\\src\\modules\\users\\services\\users.service.ts": {"path":"E:\\mainstack-test\\src\\modules\\users\\services\\users.service.ts","statementMap":{"0":{"start":{"line":8,"column":17},"end":{"line":12,"column":6}},"1":{"start":{"line":13,"column":4},"end":{"line":13,"column":16}},"2":{"start":{"line":17,"column":17},"end":{"line":22,"column":6}},"3":{"start":{"line":23,"column":4},"end":{"line":23,"column":16}},"4":{"start":{"line":27,"column":18},"end":{"line":30,"column":8}},"5":{"start":{"line":31,"column":4},"end":{"line":31,"column":17}},"6":{"start":{"line":35,"column":19},"end":{"line":38,"column":8}},"7":{"start":{"line":39,"column":4},"end":{"line":39,"column":18}},"8":{"start":{"line":43,"column":17},"end":{"line":45,"column":6}},"9":{"start":{"line":46,"column":4},"end":{"line":46,"column":16}},"10":{"start":{"line":50,"column":17},"end":{"line":50,"column":64}},"11":{"start":{"line":51,"column":4},"end":{"line":51,"column":16}},"12":{"start":{"line":55,"column":17},"end":{"line":55,"column":55}},"13":{"start":{"line":56,"column":4},"end":{"line":56,"column":16}},"14":{"start":{"line":60,"column":17},"end":{"line":60,"column":61}},"15":{"start":{"line":61,"column":4},"end":{"line":61,"column":16}}},"fnMap":{"0":{"name":"(anonymous_0)","decl":{"start":{"line":6,"column":2},"end":{"line":6,"column":3}},"loc":{"start":{"line":6,"column":57},"end":{"line":6,"column":59}},"line":6},"1":{"name":"(anonymous_1)","decl":{"start":{"line":7,"column":2},"end":{"line":7,"column":3}},"loc":{"start":{"line":7,"column":61},"end":{"line":14,"column":3}},"line":7},"2":{"name":"(anonymous_2)","decl":{"start":{"line":16,"column":2},"end":{"line":16,"column":3}},"loc":{"start":{"line":16,"column":62},"end":{"line":24,"column":3}},"line":16},"3":{"name":"(anonymous_3)","decl":{"start":{"line":26,"column":2},"end":{"line":26,"column":3}},"loc":{"start":{"line":26,"column":22},"end":{"line":32,"column":3}},"line":26},"4":{"name":"(anonymous_4)","decl":{"start":{"line":34,"column":2},"end":{"line":34,"column":3}},"loc":{"start":{"line":34,"column":20},"end":{"line":40,"column":3}},"line":34},"5":{"name":"(anonymous_5)","decl":{"start":{"line":42,"column":2},"end":{"line":42,"column":3}},"loc":{"start":{"line":42,"column":42},"end":{"line":47,"column":3}},"line":42},"6":{"name":"(anonymous_6)","decl":{"start":{"line":49,"column":2},"end":{"line":49,"column":3}},"loc":{"start":{"line":49,"column":31},"end":{"line":52,"column":3}},"line":49},"7":{"name":"(anonymous_7)","decl":{"start":{"line":54,"column":2},"end":{"line":54,"column":3}},"loc":{"start":{"line":54,"column":32},"end":{"line":57,"column":3}},"line":54},"8":{"name":"(anonymous_8)","decl":{"start":{"line":59,"column":2},"end":{"line":59,"column":3}},"loc":{"start":{"line":59,"column":38},"end":{"line":62,"column":3}},"line":59}},"branchMap":{},"s":{"0":1,"1":1,"2":1,"3":1,"4":1,"5":1,"6":1,"7":1,"8":1,"9":1,"10":1,"11":1,"12":1,"13":1,"14":1,"15":1},"f":{"0":8,"1":1,"2":1,"3":1,"4":1,"5":1,"6":1,"7":1,"8":1},"b":{},"_coverageSchema":"1a1c01bbd47fc00a2c39e90264f33305004495a9","hash":"c9fb7d2173da7fe0e6b093f99d28235aaa1dc41c"}
}
