TN:
SF:src\config\config.ts
FNF:0
FNH:0
DA:3,4
DA:5,4
DA:6,4
DA:9,4
DA:11,4
LF:5
LH:5
BRDA:5,0,0,4
BRDA:5,0,1,0
BRDA:6,1,0,4
BRDA:6,1,1,0
BRDA:9,2,0,4
BRDA:9,2,1,0
BRF:6
BRH:3
end_of_record
TN:
SF:src\helpers\index.ts
FN:13,(anonymous_0)
FN:22,(anonymous_1)
FN:28,(anonymous_2)
FNF:3
FNH:2
FNDA:1,(anonymous_0)
FNDA:1,(anonymous_1)
FNDA:0,(anonymous_2)
DA:14,1
DA:15,1
DA:16,1
DA:17,1
DA:18,1
DA:22,4
DA:23,1
DA:28,4
DA:29,0
LF:9
LH:8
BRDA:16,0,0,1
BRDA:16,0,1,0
BRDA:16,1,0,1
BRDA:16,1,1,1
BRF:4
BRH:3
end_of_record
TN:
SF:src\library\Logger.ts
FN:4,(anonymous_0)
FN:5,(anonymous_1)
FN:10,(anonymous_2)
FN:15,(anonymous_3)
FNF:4
FNH:3
FNDA:0,(anonymous_0)
FNDA:2,(anonymous_1)
FNDA:2,(anonymous_2)
FNDA:2,(anonymous_3)
DA:4,7
DA:5,7
DA:6,2
DA:10,7
DA:11,2
DA:15,7
DA:16,2
LF:7
LH:7
BRDA:8,0,0,1
BRDA:8,0,1,1
BRDA:13,1,0,1
BRDA:13,1,1,1
BRDA:18,2,0,1
BRDA:18,2,1,1
BRF:6
BRH:6
end_of_record
TN:
SF:src\models\Category.ts
FNF:0
FNH:0
DA:10,1
LF:1
LH:1
BRF:0
BRH:0
end_of_record
TN:
SF:src\models\Product.ts
FNF:0
FNH:0
DA:12,6
LF:1
LH:1
BRF:0
BRH:0
end_of_record
TN:
SF:src\models\Review.ts
FNF:0
FNH:0
DA:11,3
LF:1
LH:1
BRF:0
BRH:0
end_of_record
TN:
SF:src\models\User.ts
FN:33,(anonymous_0)
FN:47,(anonymous_1)
FN:48,(anonymous_2)
FNF:3
FNH:0
FNDA:0,(anonymous_0)
FNDA:0,(anonymous_1)
FNDA:0,(anonymous_2)
DA:14,3
DA:33,3
DA:34,0
DA:35,0
DA:37,0
DA:38,0
DA:39,0
DA:40,0
DA:41,0
DA:43,0
DA:47,3
DA:48,0
DA:49,0
DA:51,0
LF:14
LH:3
BRDA:35,0,0,0
BRDA:35,0,1,0
BRF:2
BRH:0
end_of_record
TN:
SF:src\modules\auth\controllers\auth.controller.ts
FN:15,(anonymous_0)
FN:27,(anonymous_1)
FN:40,(anonymous_2)
FNF:3
FNH:3
FNDA:4,(anonymous_0)
FNDA:1,(anonymous_1)
FNDA:1,(anonymous_2)
DA:11,1
DA:12,1
DA:16,4
DA:17,4
DA:18,4
DA:22,0
DA:23,0
DA:28,1
DA:29,1
DA:30,1
DA:31,1
DA:35,0
DA:36,0
DA:41,1
DA:42,1
DA:43,1
DA:44,1
DA:48,0
DA:49,0
LF:19
LH:13
BRF:0
BRH:0
end_of_record
TN:
SF:src\modules\auth\services\auth.service.ts
FN:7,(anonymous_0)
FN:8,(anonymous_1)
FN:13,(anonymous_2)
FN:18,(anonymous_3)
FNF:4
FNH:4
FNDA:6,(anonymous_0)
FNDA:2,(anonymous_1)
FNDA:2,(anonymous_2)
FNDA:2,(anonymous_3)
DA:9,2
DA:10,1
DA:14,2
DA:15,1
DA:19,2
DA:20,2
DA:22,2
DA:24,2
DA:25,1
DA:28,1
DA:34,1
LF:11
LH:11
BRDA:22,0,0,2
BRDA:22,0,1,1
BRDA:24,1,0,1
BRDA:24,1,1,1
BRF:4
BRH:4
end_of_record
TN:
SF:src\modules\categories\controllers\categories.controller.ts
FN:10,(anonymous_0)
FN:24,(anonymous_1)
FN:37,(anonymous_2)
FN:49,(anonymous_3)
FN:63,(anonymous_4)
FNF:5
FNH:5
FNDA:1,(anonymous_0)
FNDA:1,(anonymous_1)
FNDA:1,(anonymous_2)
FNDA:1,(anonymous_3)
FNDA:1,(anonymous_4)
DA:7,1
DA:11,1
DA:12,1
DA:13,1
DA:14,1
DA:19,0
DA:20,0
DA:25,1
DA:26,1
DA:27,1
DA:28,1
DA:32,0
DA:33,0
DA:38,1
DA:39,1
DA:40,1
DA:44,0
DA:45,0
DA:50,1
DA:51,1
DA:52,1
DA:53,1
DA:54,1
DA:58,0
DA:59,0
DA:64,1
DA:65,1
DA:66,1
DA:67,1
DA:71,0
DA:72,0
LF:31
LH:21
BRF:0
BRH:0
end_of_record
TN:
SF:src\modules\categories\services\categories.service.ts
FN:11,(anonymous_0)
FN:14,(anonymous_1)
FN:22,(anonymous_2)
FN:27,(anonymous_3)
FN:34,(anonymous_4)
FN:48,(anonymous_5)
FNF:6
FNH:6
FNDA:6,(anonymous_0)
FNDA:2,(anonymous_1)
FNDA:1,(anonymous_2)
FNDA:1,(anonymous_3)
FNDA:1,(anonymous_4)
FNDA:1,(anonymous_5)
DA:8,2
DA:15,2
DA:19,2
DA:23,1
DA:24,1
DA:28,1
DA:31,1
DA:35,1
DA:37,1
DA:38,0
DA:44,1
DA:45,1
DA:49,1
DA:50,1
LF:14
LH:13
BRDA:37,0,0,0
BRDA:37,0,1,1
BRF:2
BRH:1
end_of_record
TN:
SF:src\modules\products\controllers\product.controller.ts
FN:10,(anonymous_0)
FN:24,(anonymous_1)
FN:37,(anonymous_2)
FN:49,(anonymous_3)
FN:63,(anonymous_4)
FNF:5
FNH:5
FNDA:1,(anonymous_0)
FNDA:1,(anonymous_1)
FNDA:2,(anonymous_2)
FNDA:2,(anonymous_3)
FNDA:2,(anonymous_4)
DA:7,1
DA:11,1
DA:12,1
DA:13,1
DA:14,1
DA:19,0
DA:20,0
DA:25,1
DA:26,1
DA:27,1
DA:28,1
DA:32,0
DA:33,0
DA:38,2
DA:39,2
DA:40,2
DA:44,0
DA:45,0
DA:50,2
DA:51,2
DA:52,2
DA:53,2
DA:54,2
DA:58,0
DA:59,0
DA:64,2
DA:65,2
DA:66,2
DA:67,2
DA:71,0
DA:72,0
LF:31
LH:21
BRF:0
BRH:0
end_of_record
TN:
SF:src\modules\products\services\product.service.ts
FN:6,(anonymous_0)
FN:7,(anonymous_1)
FN:12,(anonymous_2)
FN:20,(anonymous_3)
FN:27,(anonymous_4)
FN:32,(anonymous_5)
FN:37,(anonymous_6)
FNF:7
FNH:7
FNDA:8,(anonymous_0)
FNDA:1,(anonymous_1)
FNDA:1,(anonymous_2)
FNDA:2,(anonymous_3)
FNDA:1,(anonymous_4)
FNDA:1,(anonymous_5)
FNDA:1,(anonymous_6)
DA:8,1
DA:9,1
DA:13,1
DA:14,1
DA:17,1
DA:21,2
DA:24,1
DA:28,1
DA:29,1
DA:33,1
DA:34,1
DA:38,1
DA:39,1
LF:13
LH:13
BRF:0
BRH:0
end_of_record
TN:
SF:src\modules\reviews\controllers\review.controller.ts
FN:10,(anonymous_0)
FN:29,(anonymous_1)
FN:42,(anonymous_2)
FN:60,(anonymous_3)
FNF:4
FNH:4
FNDA:1,(anonymous_0)
FNDA:1,(anonymous_1)
FNDA:1,(anonymous_2)
FNDA:1,(anonymous_3)
DA:7,1
DA:11,1
DA:12,1
DA:13,1
DA:14,1
DA:18,1
DA:19,1
DA:24,0
DA:25,0
DA:30,1
DA:31,1
DA:32,1
DA:33,1
DA:37,0
DA:38,0
DA:47,1
DA:48,1
DA:49,1
DA:50,1
DA:55,0
DA:56,0
DA:61,1
DA:62,1
DA:63,1
DA:64,1
DA:68,0
DA:69,0
LF:27
LH:19
BRF:0
BRH:0
end_of_record
TN:
SF:src\modules\reviews\services\review.service.ts
FN:6,(anonymous_0)
FN:7,(anonymous_1)
FN:12,(anonymous_2)
FN:23,(anonymous_3)
FN:28,(anonymous_4)
FNF:5
FNH:5
FNDA:4,(anonymous_0)
FNDA:1,(anonymous_1)
FNDA:1,(anonymous_2)
FNDA:1,(anonymous_3)
FNDA:1,(anonymous_4)
DA:8,1
DA:9,1
DA:13,1
DA:16,1
DA:20,1
DA:24,1
DA:25,1
DA:29,1
DA:30,1
LF:9
LH:9
BRF:0
BRH:0
end_of_record
TN:
SF:src\modules\users\controllers\users.controller.ts
FN:9,(anonymous_0)
FN:21,(anonymous_1)
FNF:2
FNH:2
FNDA:3,(anonymous_0)
FNDA:2,(anonymous_1)
DA:6,1
DA:10,3
DA:11,3
DA:12,3
DA:16,0
DA:17,0
DA:22,2
DA:23,2
DA:24,2
DA:28,0
DA:29,0
LF:11
LH:7
BRF:0
BRH:0
end_of_record
TN:
SF:src\modules\users\services\users.service.ts
FN:6,(anonymous_0)
FN:7,(anonymous_1)
FN:16,(anonymous_2)
FN:26,(anonymous_3)
FN:34,(anonymous_4)
FN:42,(anonymous_5)
FN:49,(anonymous_6)
FN:54,(anonymous_7)
FN:59,(anonymous_8)
FNF:9
FNH:9
FNDA:8,(anonymous_0)
FNDA:1,(anonymous_1)
FNDA:1,(anonymous_2)
FNDA:1,(anonymous_3)
FNDA:1,(anonymous_4)
FNDA:1,(anonymous_5)
FNDA:1,(anonymous_6)
FNDA:1,(anonymous_7)
FNDA:1,(anonymous_8)
DA:8,1
DA:13,1
DA:17,1
DA:23,1
DA:27,1
DA:31,1
DA:35,1
DA:39,1
DA:43,1
DA:46,1
DA:50,1
DA:51,1
DA:55,1
DA:56,1
DA:60,1
DA:61,1
LF:16
LH:16
BRF:0
BRH:0
end_of_record
